<?xml version="1.0" encoding="UTF-8"?>
<testsuite xmlns:xsi="http://www.w3.org/2001/XMLSchema-instance" xsi:noNamespaceSchemaLocation="https://maven.apache.org/surefire/maven-failsafe-plugin/xsd/failsafe-test-report-3.0.xsd" version="3.0" name="mx.com.sistemas.SCATD.it.HelloIT" time="5.334" tests="1" errors="0" skipped="0" failures="0">
  <properties>
    <property name="sun.desktop" value="windows"/>
    <property name="awt.toolkit" value="sun.awt.windows.WToolkit"/>
    <property name="file.encoding.pkg" value="sun.io"/>
    <property name="java.specification.version" value="1.8"/>
    <property name="sun.cpu.isalist" value="amd64"/>
    <property name="sun.jnu.encoding" value="Cp1252"/>
    <property name="java.class.path" value="C:\Users\afelix\Documents\workspace-sts\SCATD\target\test-classes;C:\Users\afelix\Documents\workspace-sts\SCATD\target\classes;C:\Users\afelix\.m2\repository\org\springframework\spring-context\5.1.3.RELEASE\spring-context-5.1.3.RELEASE.jar;C:\Users\afelix\.m2\repository\org\springframework\spring-aop\5.1.3.RELEASE\spring-aop-5.1.3.RELEASE.jar;C:\Users\afelix\.m2\repository\org\springframework\spring-beans\5.1.3.RELEASE\spring-beans-5.1.3.RELEASE.jar;C:\Users\afelix\.m2\repository\org\springframework\spring-core\5.1.3.RELEASE\spring-core-5.1.3.RELEASE.jar;C:\Users\afelix\.m2\repository\org\springframework\spring-jcl\5.1.3.RELEASE\spring-jcl-5.1.3.RELEASE.jar;C:\Users\afelix\.m2\repository\org\springframework\spring-expression\5.1.3.RELEASE\spring-expression-5.1.3.RELEASE.jar;C:\Users\afelix\.m2\repository\org\springframework\spring-webmvc\5.1.3.RELEASE\spring-webmvc-5.1.3.RELEASE.jar;C:\Users\afelix\.m2\repository\org\springframework\spring-web\5.1.3.RELEASE\spring-web-5.1.3.RELEASE.jar;C:\Users\afelix\.m2\repository\org\apache\cxf\cxf-rt-frontend-jaxws\3.1.4\cxf-rt-frontend-jaxws-3.1.4.jar;C:\Users\afelix\.m2\repository\xml-resolver\xml-resolver\1.2\xml-resolver-1.2.jar;C:\Users\afelix\.m2\repository\org\ow2\asm\asm\5.0.4\asm-5.0.4.jar;C:\Users\afelix\.m2\repository\org\apache\cxf\cxf-core\3.1.4\cxf-core-3.1.4.jar;C:\Users\afelix\.m2\repository\org\codehaus\woodstox\woodstox-core-asl\4.4.1\woodstox-core-asl-4.4.1.jar;C:\Users\afelix\.m2\repository\org\codehaus\woodstox\stax2-api\3.1.4\stax2-api-3.1.4.jar;C:\Users\afelix\.m2\repository\org\apache\ws\xmlschema\xmlschema-core\2.2.1\xmlschema-core-2.2.1.jar;C:\Users\afelix\.m2\repository\org\apache\cxf\cxf-rt-bindings-soap\3.1.4\cxf-rt-bindings-soap-3.1.4.jar;C:\Users\afelix\.m2\repository\org\apache\cxf\cxf-rt-wsdl\3.1.4\cxf-rt-wsdl-3.1.4.jar;C:\Users\afelix\.m2\repository\org\apache\cxf\cxf-rt-databinding-jaxb\3.1.4\cxf-rt-databinding-jaxb-3.1.4.jar;C:\Users\afelix\.m2\repository\com\sun\xml\bind\jaxb-impl\2.2.11\jaxb-impl-2.2.11.jar;C:\Users\afelix\.m2\repository\com\sun\xml\bind\jaxb-core\2.2.11\jaxb-core-2.2.11.jar;C:\Users\afelix\.m2\repository\org\apache\cxf\cxf-rt-bindings-xml\3.1.4\cxf-rt-bindings-xml-3.1.4.jar;C:\Users\afelix\.m2\repository\org\apache\cxf\cxf-rt-frontend-simple\3.1.4\cxf-rt-frontend-simple-3.1.4.jar;C:\Users\afelix\.m2\repository\org\apache\cxf\cxf-rt-ws-addr\3.1.4\cxf-rt-ws-addr-3.1.4.jar;C:\Users\afelix\.m2\repository\org\apache\cxf\cxf-rt-ws-policy\3.1.4\cxf-rt-ws-policy-3.1.4.jar;C:\Users\afelix\.m2\repository\org\apache\neethi\neethi\3.0.3\neethi-3.0.3.jar;C:\Users\afelix\.m2\repository\org\springframework\spring-orm\5.1.3.RELEASE\spring-orm-5.1.3.RELEASE.jar;C:\Users\afelix\.m2\repository\org\springframework\spring-jdbc\5.1.3.RELEASE\spring-jdbc-5.1.3.RELEASE.jar;C:\Users\afelix\.m2\repository\org\springframework\spring-tx\5.1.3.RELEASE\spring-tx-5.1.3.RELEASE.jar;C:\Users\afelix\.m2\repository\cglib\cglib-nodep\3.2.10\cglib-nodep-3.2.10.jar;C:\Users\afelix\.m2\repository\javax\servlet\javax.servlet-api\3.1.0\javax.servlet-api-3.1.0.jar;C:\Users\afelix\.m2\repository\javax\servlet\jsp\javax.servlet.jsp-api\2.3.1\javax.servlet.jsp-api-2.3.1.jar;C:\Users\afelix\.m2\repository\org\apache\taglibs\taglibs-standard-impl\1.2.5\taglibs-standard-impl-1.2.5.jar;C:\Users\afelix\.m2\repository\javax\servlet\jstl\1.2\jstl-1.2.jar;C:\Users\afelix\.m2\repository\org\postgresql\postgresql\42.2.5\postgresql-42.2.5.jar;C:\Users\afelix\.m2\repository\mysql\mysql-connector-java\6.0.6\mysql-connector-java-6.0.6.jar;C:\Users\afelix\.m2\repository\log4j\log4j\1.2.17\log4j-1.2.17.jar;C:\Users\afelix\.m2\repository\javax\inject\javax.inject\1\javax.inject-1.jar;C:\Users\afelix\.m2\repository\commons-fileupload\commons-fileupload\1.4\commons-fileupload-1.4.jar;C:\Users\afelix\.m2\repository\commons-io\commons-io\2.6\commons-io-2.6.jar;C:\Users\afelix\.m2\repository\com\fasterxml\jackson\core\jackson-databind\2.9.8\jackson-databind-2.9.8.jar;C:\Users\afelix\.m2\repository\com\fasterxml\jackson\core\jackson-annotations\2.9.0\jackson-annotations-2.9.0.jar;C:\Users\afelix\.m2\repository\com\fasterxml\jackson\core\jackson-core\2.9.8\jackson-core-2.9.8.jar;C:\Users\afelix\.m2\repository\junit\junit\4.12\junit-4.12.jar;C:\Users\afelix\.m2\repository\org\hamcrest\hamcrest-core\1.3\hamcrest-core-1.3.jar;C:\Users\afelix\.m2\repository\org\webjars\bootstrap\4.1.1\bootstrap-4.1.1.jar;C:\Users\afelix\.m2\repository\org\webjars\jquery\3.0.0\jquery-3.0.0.jar;C:\Users\afelix\.m2\repository\org\webjars\popper.js\1.14.1\popper.js-1.14.1.jar;C:\Users\afelix\.m2\repository\org\webjars\bower\jquery\3.3.1\jquery-3.3.1.jar;C:\Users\afelix\.m2\repository\org\apache\axis\axis\1.4\axis-1.4.jar;C:\Users\afelix\.m2\repository\org\apache\axis\axis-jaxrpc\1.4\axis-jaxrpc-1.4.jar;C:\Users\afelix\.m2\repository\wsdl4j\wsdl4j\1.6.2\wsdl4j-1.6.2.jar;"/>
    <property name="java.vm.vendor" value="Oracle Corporation"/>
    <property name="sun.arch.data.model" value="64"/>
    <property name="user.variant" value=""/>
    <property name="java.vendor.url" value="http://java.oracle.com/"/>
    <property name="user.timezone" value="America/Chihuahua"/>
    <property name="java.vm.specification.version" value="1.8"/>
    <property name="os.name" value="Windows 7"/>
    <property name="user.country" value="MX"/>
    <property name="sun.java.launcher" value="SUN_STANDARD"/>
    <property name="sun.boot.library.path" value="C:\Program Files\Java\jre1.8.0_121\bin"/>
    <property name="sun.java.command" value="C:\Users\afelix\AppData\Local\Temp\surefire539304469641404474\surefirebooter3719901964004445688.jar C:\Users\afelix\AppData\Local\Temp\surefire539304469641404474 2019-06-11T10-16-48_742-jvmRun1 surefire5894963448415568598tmp surefire_01768236016502921396tmp"/>
    <property name="surefire.test.class.path" value="C:\Users\afelix\Documents\workspace-sts\SCATD\target\test-classes;C:\Users\afelix\Documents\workspace-sts\SCATD\target\classes;C:\Users\afelix\.m2\repository\org\springframework\spring-context\5.1.3.RELEASE\spring-context-5.1.3.RELEASE.jar;C:\Users\afelix\.m2\repository\org\springframework\spring-aop\5.1.3.RELEASE\spring-aop-5.1.3.RELEASE.jar;C:\Users\afelix\.m2\repository\org\springframework\spring-beans\5.1.3.RELEASE\spring-beans-5.1.3.RELEASE.jar;C:\Users\afelix\.m2\repository\org\springframework\spring-core\5.1.3.RELEASE\spring-core-5.1.3.RELEASE.jar;C:\Users\afelix\.m2\repository\org\springframework\spring-jcl\5.1.3.RELEASE\spring-jcl-5.1.3.RELEASE.jar;C:\Users\afelix\.m2\repository\org\springframework\spring-expression\5.1.3.RELEASE\spring-expression-5.1.3.RELEASE.jar;C:\Users\afelix\.m2\repository\org\springframework\spring-webmvc\5.1.3.RELEASE\spring-webmvc-5.1.3.RELEASE.jar;C:\Users\afelix\.m2\repository\org\springframework\spring-web\5.1.3.RELEASE\spring-web-5.1.3.RELEASE.jar;C:\Users\afelix\.m2\repository\org\apache\cxf\cxf-rt-frontend-jaxws\3.1.4\cxf-rt-frontend-jaxws-3.1.4.jar;C:\Users\afelix\.m2\repository\xml-resolver\xml-resolver\1.2\xml-resolver-1.2.jar;C:\Users\afelix\.m2\repository\org\ow2\asm\asm\5.0.4\asm-5.0.4.jar;C:\Users\afelix\.m2\repository\org\apache\cxf\cxf-core\3.1.4\cxf-core-3.1.4.jar;C:\Users\afelix\.m2\repository\org\codehaus\woodstox\woodstox-core-asl\4.4.1\woodstox-core-asl-4.4.1.jar;C:\Users\afelix\.m2\repository\org\codehaus\woodstox\stax2-api\3.1.4\stax2-api-3.1.4.jar;C:\Users\afelix\.m2\repository\org\apache\ws\xmlschema\xmlschema-core\2.2.1\xmlschema-core-2.2.1.jar;C:\Users\afelix\.m2\repository\org\apache\cxf\cxf-rt-bindings-soap\3.1.4\cxf-rt-bindings-soap-3.1.4.jar;C:\Users\afelix\.m2\repository\org\apache\cxf\cxf-rt-wsdl\3.1.4\cxf-rt-wsdl-3.1.4.jar;C:\Users\afelix\.m2\repository\org\apache\cxf\cxf-rt-databinding-jaxb\3.1.4\cxf-rt-databinding-jaxb-3.1.4.jar;C:\Users\afelix\.m2\repository\com\sun\xml\bind\jaxb-impl\2.2.11\jaxb-impl-2.2.11.jar;C:\Users\afelix\.m2\repository\com\sun\xml\bind\jaxb-core\2.2.11\jaxb-core-2.2.11.jar;C:\Users\afelix\.m2\repository\org\apache\cxf\cxf-rt-bindings-xml\3.1.4\cxf-rt-bindings-xml-3.1.4.jar;C:\Users\afelix\.m2\repository\org\apache\cxf\cxf-rt-frontend-simple\3.1.4\cxf-rt-frontend-simple-3.1.4.jar;C:\Users\afelix\.m2\repository\org\apache\cxf\cxf-rt-ws-addr\3.1.4\cxf-rt-ws-addr-3.1.4.jar;C:\Users\afelix\.m2\repository\org\apache\cxf\cxf-rt-ws-policy\3.1.4\cxf-rt-ws-policy-3.1.4.jar;C:\Users\afelix\.m2\repository\org\apache\neethi\neethi\3.0.3\neethi-3.0.3.jar;C:\Users\afelix\.m2\repository\org\springframework\spring-orm\5.1.3.RELEASE\spring-orm-5.1.3.RELEASE.jar;C:\Users\afelix\.m2\repository\org\springframework\spring-jdbc\5.1.3.RELEASE\spring-jdbc-5.1.3.RELEASE.jar;C:\Users\afelix\.m2\repository\org\springframework\spring-tx\5.1.3.RELEASE\spring-tx-5.1.3.RELEASE.jar;C:\Users\afelix\.m2\repository\cglib\cglib-nodep\3.2.10\cglib-nodep-3.2.10.jar;C:\Users\afelix\.m2\repository\javax\servlet\javax.servlet-api\3.1.0\javax.servlet-api-3.1.0.jar;C:\Users\afelix\.m2\repository\javax\servlet\jsp\javax.servlet.jsp-api\2.3.1\javax.servlet.jsp-api-2.3.1.jar;C:\Users\afelix\.m2\repository\org\apache\taglibs\taglibs-standard-impl\1.2.5\taglibs-standard-impl-1.2.5.jar;C:\Users\afelix\.m2\repository\javax\servlet\jstl\1.2\jstl-1.2.jar;C:\Users\afelix\.m2\repository\org\postgresql\postgresql\42.2.5\postgresql-42.2.5.jar;C:\Users\afelix\.m2\repository\mysql\mysql-connector-java\6.0.6\mysql-connector-java-6.0.6.jar;C:\Users\afelix\.m2\repository\log4j\log4j\1.2.17\log4j-1.2.17.jar;C:\Users\afelix\.m2\repository\javax\inject\javax.inject\1\javax.inject-1.jar;C:\Users\afelix\.m2\repository\commons-fileupload\commons-fileupload\1.4\commons-fileupload-1.4.jar;C:\Users\afelix\.m2\repository\commons-io\commons-io\2.6\commons-io-2.6.jar;C:\Users\afelix\.m2\repository\com\fasterxml\jackson\core\jackson-databind\2.9.8\jackson-databind-2.9.8.jar;C:\Users\afelix\.m2\repository\com\fasterxml\jackson\core\jackson-annotations\2.9.0\jackson-annotations-2.9.0.jar;C:\Users\afelix\.m2\repository\com\fasterxml\jackson\core\jackson-core\2.9.8\jackson-core-2.9.8.jar;C:\Users\afelix\.m2\repository\junit\junit\4.12\junit-4.12.jar;C:\Users\afelix\.m2\repository\org\hamcrest\hamcrest-core\1.3\hamcrest-core-1.3.jar;C:\Users\afelix\.m2\repository\org\webjars\bootstrap\4.1.1\bootstrap-4.1.1.jar;C:\Users\afelix\.m2\repository\org\webjars\jquery\3.0.0\jquery-3.0.0.jar;C:\Users\afelix\.m2\repository\org\webjars\popper.js\1.14.1\popper.js-1.14.1.jar;C:\Users\afelix\.m2\repository\org\webjars\bower\jquery\3.3.1\jquery-3.3.1.jar;C:\Users\afelix\.m2\repository\org\apache\axis\axis\1.4\axis-1.4.jar;C:\Users\afelix\.m2\repository\org\apache\axis\axis-jaxrpc\1.4\axis-jaxrpc-1.4.jar;C:\Users\afelix\.m2\repository\wsdl4j\wsdl4j\1.6.2\wsdl4j-1.6.2.jar;"/>
    <property name="sun.cpu.endian" value="little"/>
    <property name="user.home" value="C:\Users\afelix"/>
    <property name="user.language" value="es"/>
    <property name="java.specification.vendor" value="Oracle Corporation"/>
    <property name="java.home" value="C:\Program Files\Java\jre1.8.0_121"/>
    <property name="basedir" value="C:\Users\afelix\Documents\workspace-sts\SCATD"/>
    <property name="file.separator" value="\"/>
    <property name="line.separator" value="&#10;"/>
    <property name="java.vm.specification.vendor" value="Oracle Corporation"/>
    <property name="java.specification.name" value="Java Platform API Specification"/>
    <property name="java.awt.graphicsenv" value="sun.awt.Win32GraphicsEnvironment"/>
    <property name="name" value="SCATD"/>
    <property name="surefire.real.class.path" value="C:\Users\afelix\AppData\Local\Temp\surefire539304469641404474\surefirebooter3719901964004445688.jar"/>
    <property name="servlet.port" value="8080"/>
    <property name="sun.boot.class.path" value="C:\Program Files\Java\jre1.8.0_121\lib\resources.jar;C:\Program Files\Java\jre1.8.0_121\lib\rt.jar;C:\Program Files\Java\jre1.8.0_121\lib\sunrsasign.jar;C:\Program Files\Java\jre1.8.0_121\lib\jsse.jar;C:\Program Files\Java\jre1.8.0_121\lib\jce.jar;C:\Program Files\Java\jre1.8.0_121\lib\charsets.jar;C:\Program Files\Java\jre1.8.0_121\lib\jfr.jar;C:\Program Files\Java\jre1.8.0_121\classes"/>
    <property name="user.script" value=""/>
    <property name="sun.management.compiler" value="HotSpot 64-Bit Tiered Compilers"/>
    <property name="java.runtime.version" value="1.8.0_121-b13"/>
    <property name="user.name" value="afelix"/>
    <property name="path.separator" value=";"/>
    <property name="os.version" value="6.1"/>
    <property name="java.endorsed.dirs" value="C:\Program Files\Java\jre1.8.0_121\lib\endorsed"/>
    <property name="java.runtime.name" value="Java(TM) SE Runtime Environment"/>
    <property name="file.encoding" value="Cp1252"/>
    <property name="java.vm.name" value="Java HotSpot(TM) 64-Bit Server VM"/>
    <property name="localRepository" value="C:\Users\afelix\.m2\repository"/>
    <property name="java.vendor.url.bug" value="http://bugreport.sun.com/bugreport/"/>
    <property name="java.io.tmpdir" value="C:\Users\afelix\AppData\Local\Temp\"/>
    <property name="java.version" value="1.8.0_121"/>
    <property name="user.dir" value="C:\Users\afelix\Documents\workspace-sts\SCATD"/>
    <property name="os.arch" value="amd64"/>
    <property name="java.vm.specification.name" value="Java Virtual Machine Specification"/>
    <property name="java.awt.printerjob" value="sun.awt.windows.WPrinterJob"/>
    <property name="sun.os.patch.level" value="Service Pack 1"/>
    <property name="java.library.path" value="C:\Program Files\Java\jre1.8.0_121\bin;C:\Windows\Sun\Java\bin;C:\Windows\system32;C:\Windows;C:/Program Files/Java/jre1.8.0_121/bin/server;C:/Program Files/Java/jre1.8.0_121/bin;C:/Program Files/Java/jre1.8.0_121/lib/amd64;C:\sys\progs\DepDll;C:\sys\drivers;C:\ProgramData\Oracle\Java\javapath;C:\Program Files (x86)\AMD APP\bin\x86_64;C:\Program Files (x86)\AMD APP\bin\x86;C:\Windows\system32;C:\Windows;C:\Windows\System32\Wbem;C:\Windows\System32\WindowsPowerShell\v1.0\;C:\Program Files (x86)\AMD\ATI.ACE\Core-Static;C:\Program Files (x86)\Microsoft SQL Server\100\Tools\Binn\;C:\Program Files (x86)\Microsoft SQL Server\100\DTS\Binn\;C:\Program Files (x86)\Microsoft SQL Server\100\Tools\Binn\VSShell\Common7\IDE\;C:\Program Files\TortoiseSVN\bin;C:\Program Files (x86)\Informix\Connect\bin;C:\Program Files\nodejs\;C:\apache-maven-3.3.9\bin;C:\Program Files (x86)\Java\jdk1.8.0_101\bin;C:\Program Files\Git\cmd;C:\Users\afelix\Downloads\sts-bundle\sts-3.9.8.RELEASE;;."/>
    <property name="java.vm.info" value="mixed mode"/>
    <property name="java.vendor" value="Oracle Corporation"/>
    <property name="java.vm.version" value="25.121-b13"/>
    <property name="java.ext.dirs" value="C:\Program Files\Java\jre1.8.0_121\lib\ext;C:\Windows\Sun\Java\lib\ext"/>
    <property name="sun.io.unicode.encoding" value="UnicodeLittle"/>
    <property name="java.class.version" value="52.0"/>
  </properties>
  <testcase name="hello" classname="mx.com.sistemas.SCATD.it.HelloIT" time="5.09"/>
</testsuite>